<?xml version="1.0" encoding="UTF-8"?>
<!-- Generated by org.testng.reporters.JUnitReportReporter -->
<testsuite hostname="Noha-Nabil" failures="0" tests="4" name="test.AdminCreateUserTest" time="12.313" errors="0" timestamp="2025-05-18T15:04:12 EEST" skipped="0">
  <testcase classname="test.AdminCreateUserTest" name="adminCanLogin" time="1.880"/>
  <testcase classname="test.AdminCreateUserTest" name="adminCanCreateUser" time="7.506"/>
  <testcase classname="test.AdminCreateUserTest" name="adminLogout" time="0.998"/>
  <testcase classname="test.AdminCreateUserTest" name="newUserCanLogin" time="1.929"/>
</testsuite> <!-- test.AdminCreateUserTest -->
