<?xml version="1.0" encoding="UTF-8"?>
<!-- Generated by org.testng.reporters.JUnitReportReporter -->
<testsuite hostname="Noha-Nabil" failures="0" tests="1" name="test.AdminLoginTest" time="2.335" errors="0" timestamp="2025-05-18T15:03:36 EEST" skipped="0">
  <testcase classname="test.AdminLoginTest" name="adminCanLogin" time="2.335"/>
</testsuite> <!-- test.AdminLoginTest -->
