<?xml version="1.0" encoding="UTF-8"?>
<!-- Generated by org.testng.reporters.JUnitReportReporter -->
<testsuite hostname="NOHA-Legion-LAP" failures="0" tests="4" name="test.AdminLoginTest" time="7.754" errors="0" timestamp="2025-06-10T02:14:05 EET" skipped="0">
  <testcase classname="test.AdminLoginTest" name="adminCanLogin" time="1.557"/>
  <testcase classname="test.AdminLoginTest" name="adminCanLogin" time="1.592"/>
  <testcase classname="test.AdminLoginTest" name="adminCanLogout" time="2.861"/>
  <testcase classname="test.AdminLoginTest" name="adminCanLogout" time="1.744"/>
</testsuite> <!-- test.AdminLoginTest -->
