<?xml version="1.0" encoding="UTF-8"?>
<!-- Generated by org.testng.reporters.JUnitReportReporter -->
<testsuite hostname="NOHA-Legion-LAP" failures="0" tests="1" name="test.AdminLoginTest" time="1.847" errors="0" timestamp="2025-05-26T03:00:41 EET" skipped="0">
  <testcase classname="test.AdminLoginTest" name="adminCanLogin" time="1.847"/>
</testsuite> <!-- test.AdminLoginTest -->
